<?xml version="1.0" encoding="UTF-8"?>
<!-- Generated by org.testng.reporters.JUnitReportReporter -->
<testsuite hostname="DESKTOP-DNKJS5Q" failures="0" tests="2" name="com.nopcommerce.user.Level_15_ExtentV5" time="0.000" errors="0" timestamp="05 Jul 2023 04:44:28 GMT" skipped="2">
  <testcase classname="com.nopcommerce.user.Level_15_ExtentV5" name="User_02_Login" time="0.000">
    <skipped/>
  </testcase> <!-- User_02_Login -->
  <testcase classname="com.nopcommerce.user.Level_15_ExtentV5" name="User_01_Register" time="0.000">
    <skipped/>
  </testcase> <!-- User_01_Register -->
</testsuite> <!-- com.nopcommerce.user.Level_15_ExtentV5 -->
