<?xml version="1.0" encoding="UTF-8"?>
<!-- Generated by org.testng.reporters.JUnitReportReporter -->
<testsuite hostname="DESKTOP-DNKJS5Q" failures="0" tests="4" name="com.nopcommerce.user.Level_09_Dynamic_Locator" time="0.000" errors="0" timestamp="05 Jul 2023 04:44:28 GMT" skipped="4">
  <testcase classname="com.nopcommerce.user.Level_09_Dynamic_Locator" name="User_01_Register_Login" time="0.000">
    <skipped/>
  </testcase> <!-- User_01_Register_Login -->
  <testcase classname="com.nopcommerce.user.Level_09_Dynamic_Locator" name="User_03_Dynamic_Page_02" time="0.000">
    <skipped/>
  </testcase> <!-- User_03_Dynamic_Page_02 -->
  <testcase classname="com.nopcommerce.user.Level_09_Dynamic_Locator" name="User_03_Dynamic_Page_01" time="0.000">
    <skipped/>
  </testcase> <!-- User_03_Dynamic_Page_01 -->
  <testcase classname="com.nopcommerce.user.Level_09_Dynamic_Locator" name="User_02_Dynamic_Page" time="0.000">
    <skipped/>
  </testcase> <!-- User_02_Dynamic_Page -->
</testsuite> <!-- com.nopcommerce.user.Level_09_Dynamic_Locator -->
