<?xml version="1.0" encoding="UTF-8"?>
<!-- Generated by org.testng.reporters.JUnitReportReporter -->
<testsuite hostname="DESKTOP-DNKJS5Q" failures="0" tests="2" name="com.nopcommerce.user.User_01_Register_Login" time="0.000" errors="0" timestamp="05 Jul 2023 04:44:28 GMT" skipped="2">
  <testcase classname="com.nopcommerce.user.User_01_Register_Login" name="TC_02" time="0.000">
    <skipped/>
  </testcase> <!-- TC_02 -->
  <testcase classname="com.nopcommerce.user.User_01_Register_Login" name="TC_01" time="0.000">
    <skipped/>
  </testcase> <!-- TC_01 -->
</testsuite> <!-- com.nopcommerce.user.User_01_Register_Login -->
