<?xml version="1.0" encoding="UTF-8"?>
<!-- Generated by org.testng.reporters.JUnitReportReporter -->
<testsuite hostname="DESKTOP-DNKJS5Q" failures="0" tests="1" name="com.nopcommerce.user.Level_12_Assert_Verify" time="0.000" errors="0" timestamp="05 Jul 2023 04:44:28 GMT" skipped="1">
  <testcase classname="com.nopcommerce.user.Level_12_Assert_Verify" name="User_01_Register_Login" time="0.000">
    <skipped/>
  </testcase> <!-- User_01_Register_Login -->
</testsuite> <!-- com.nopcommerce.user.Level_12_Assert_Verify -->
