<?xml version="1.0" encoding="UTF-8"?>
<!-- Generated by org.testng.reporters.JUnitReportReporter -->
<testsuite hostname="DESKTOP-DNKJS5Q" failures="0" tests="5" name="com.nopcommerce.user.Level_04_Multiple_Browser" time="0.000" errors="0" timestamp="05 Jul 2023 04:44:28 GMT" skipped="5">
  <testcase classname="com.nopcommerce.user.Level_04_Multiple_Browser" name="TC_02_Register_Invalid_Email" time="0.000">
    <skipped/>
  </testcase> <!-- TC_02_Register_Invalid_Email -->
  <testcase classname="com.nopcommerce.user.Level_04_Multiple_Browser" name="TC_06_Register_Invalid_Confirm_Password" time="0.000">
    <skipped/>
  </testcase> <!-- TC_06_Register_Invalid_Confirm_Password -->
  <testcase classname="com.nopcommerce.user.Level_04_Multiple_Browser" name="TC_01_Register_Empty_Data" time="0.000">
    <skipped/>
  </testcase> <!-- TC_01_Register_Empty_Data -->
  <testcase classname="com.nopcommerce.user.Level_04_Multiple_Browser" name="TC_05_Register_Password_Less_Than_6_Chars" time="0.000">
    <skipped/>
  </testcase> <!-- TC_05_Register_Password_Less_Than_6_Chars -->
  <testcase classname="com.nopcommerce.user.Level_04_Multiple_Browser" name="TC_03_Register_Success" time="0.000">
    <skipped/>
  </testcase> <!-- TC_03_Register_Success -->
</testsuite> <!-- com.nopcommerce.user.Level_04_Multiple_Browser -->
