<?xml version="1.0" encoding="UTF-8"?>
<!-- Generated by org.testng.reporters.JUnitReportReporter -->
<testsuite hostname="DESKTOP-DNKJS5Q" failures="0" tests="3" name="com.nopcommerce.user.Level_18_Pattern_Object" time="0.000" errors="0" timestamp="05 Jul 2023 04:44:28 GMT" skipped="3">
  <testcase classname="com.nopcommerce.user.Level_18_Pattern_Object" name="User_03_My_Acount" time="0.000">
    <skipped/>
  </testcase> <!-- User_03_My_Acount -->
  <testcase classname="com.nopcommerce.user.Level_18_Pattern_Object" name="User_01_Register" time="0.000">
    <skipped/>
  </testcase> <!-- User_01_Register -->
  <testcase classname="com.nopcommerce.user.Level_18_Pattern_Object" name="User_02_Login" time="0.000">
    <skipped/>
  </testcase> <!-- User_02_Login -->
</testsuite> <!-- com.nopcommerce.user.Level_18_Pattern_Object -->
