<?xml version="1.0" encoding="UTF-8"?>
<!-- Generated by org.testng.reporters.JUnitReportReporter -->
<testsuite hostname="DESKTOP-DNKJS5Q" failures="0" tests="2" name="com.jquery.Level_11_Upload_File" time="0.000" errors="0" timestamp="05 Jul 2023 04:44:28 GMT" skipped="2">
  <testcase classname="com.jquery.Level_11_Upload_File" name="Upload_01_One_File_Per_Time" time="0.000">
    <skipped/>
  </testcase> <!-- Upload_01_One_File_Per_Time -->
  <testcase classname="com.jquery.Level_11_Upload_File" name="Upload_02_Multiple_File_Per_Time" time="0.000">
    <skipped/>
  </testcase> <!-- Upload_02_Multiple_File_Per_Time -->
</testsuite> <!-- com.jquery.Level_11_Upload_File -->
