<?xml version="1.0" encoding="UTF-8"?>
<!-- Generated by org.testng.reporters.JUnitReportReporter -->
<testsuite hostname="DESKTOP-DNKJS5Q" failures="0" tests="2" name="com.saurcelab.sort.Level_19_Sort_Asc_Desc" time="0.000" errors="0" timestamp="05 Jul 2023 04:44:28 GMT" skipped="2">
  <testcase classname="com.saurcelab.sort.Level_19_Sort_Asc_Desc" name="Sort_01_Name" time="0.000">
    <skipped/>
  </testcase> <!-- Sort_01_Name -->
  <testcase classname="com.saurcelab.sort.Level_19_Sort_Asc_Desc" name="Sort_02_Price" time="0.000">
    <skipped/>
  </testcase> <!-- Sort_02_Price -->
</testsuite> <!-- com.saurcelab.sort.Level_19_Sort_Asc_Desc -->
