<?xml version="1.0" encoding="UTF-8"?>
<!-- Generated by org.testng.reporters.JUnitReportReporter -->
<testsuite hostname="DESKTOP-DNKJS5Q" failures="0" tests="1" name="com.jquery.Topic_10_Data_Grid" time="0.000" errors="0" timestamp="05 Jul 2023 04:44:28 GMT" skipped="1">
  <testcase classname="com.jquery.Topic_10_Data_Grid" name="Table_04_Enter_To_Textbox_At_Any_Row" time="0.000">
    <skipped/>
  </testcase> <!-- Table_04_Enter_To_Textbox_At_Any_Row -->
</testsuite> <!-- com.jquery.Topic_10_Data_Grid -->
