<?xml version="1.0" encoding="UTF-8"?>
<!-- Generated by org.testng.reporters.JUnitReportReporter -->
<testsuite hostname="DESKTOP-DNKJS5Q" failures="0" tests="3" name="com.facebook.register.Level_13_Element_Undisplayed" time="14.235" errors="0" timestamp="18 Oct 2023 07:04:22 GMT" skipped="0">
  <testcase classname="com.facebook.register.Level_13_Element_Undisplayed" name="TC_03_Verify_Element_Undisplay_Not_In_DOM" time="8.324"/>
  <testcase classname="com.facebook.register.Level_13_Element_Undisplayed" name="TC_01_Verify_Element_Display" time="0.585"/>
  <testcase classname="com.facebook.register.Level_13_Element_Undisplayed" name="TC_02_Verify_Element_Undisplay_In_DOM" time="5.326"/>
</testsuite> <!-- com.facebook.register.Level_13_Element_Undisplayed -->
